<?xml version="1.0" encoding="UTF-8"?>
<testsuite name="ComputerRepairRequestTest" tests="2" skipped="0" failures="0" errors="0" timestamp="2025-03-04T16:49:10" hostname="DESKTOP-MUSTQB5" time="0.025">
  <properties/>
  <testcase name="First Test" classname="ComputerRepairRequestTest" time="0.021"/>
  <testcase name="Second Test" classname="ComputerRepairRequestTest" time="0.002"/>
  <system-out><![CDATA[]]></system-out>
  <system-err><![CDATA[]]></system-err>
</testsuite>
